  [4;36;1mSQL (0.5ms)[0m   [0;1m SELECT name
 FROM sqlite_master
 WHERE type = 'table' AND NOT name = 'sqlite_sequence'
[0m
  [4;35;1mSQL (8.8ms)[0m   [0mselect sqlite_version(*)[0m
  [4;36;1mSQL (13.8ms)[0m   [0;1mCREATE TABLE "schema_migrations" ("version" varchar(255) NOT NULL) [0m
  [4;35;1mSQL (2.1ms)[0m   [0mCREATE UNIQUE INDEX "unique_schema_migrations" ON "schema_migrations" ("version")[0m
  [4;36;1mSQL (0.3ms)[0m   [0;1m SELECT name
 FROM sqlite_master
 WHERE type = 'table' AND NOT name = 'sqlite_sequence'
[0m
  [4;35;1mSQL (0.2ms)[0m   [0m SELECT name
 FROM sqlite_master
 WHERE type = 'table' AND NOT name = 'sqlite_sequence'
[0m
  [4;36;1mSQL (0.1ms)[0m   [0;1mSELECT version FROM schema_migrations[0m
  [4;35;1mSQL (0.1ms)[0m   [0m SELECT name
 FROM sqlite_master
 WHERE type = 'table' AND NOT name = 'sqlite_sequence'
[0m
  [4;36;1mSQL (0.5ms)[0m   [0;1m SELECT name
 FROM sqlite_master
 WHERE type = 'table' AND NOT name = 'sqlite_sequence'
[0m
  [4;35;1mSQL (0.4ms)[0m   [0mselect sqlite_version(*)[0m
  [4;36;1mSQL (2.2ms)[0m   [0;1mCREATE TABLE "schema_migrations" ("version" varchar(255) NOT NULL) [0m
  [4;35;1mSQL (1.7ms)[0m   [0mCREATE UNIQUE INDEX "unique_schema_migrations" ON "schema_migrations" ("version")[0m
  [4;36;1mSQL (0.2ms)[0m   [0;1m SELECT name
 FROM sqlite_master
 WHERE type = 'table' AND NOT name = 'sqlite_sequence'
[0m
  [4;35;1mSQL (0.1ms)[0m   [0mSELECT version FROM schema_migrations[0m
Migrating to CreateUsers (20090326150951)
  [4;36;1mSQL (0.6ms)[0m   [0;1mCREATE TABLE "users" ("id" INTEGER PRIMARY KEY AUTOINCREMENT NOT NULL, "login" varchar(255), "email" varchar(255), "crypted_password" varchar(255), "persistence_token" varchar(255), "login_count" integer, "last_request_at" datetime, "last_login_at" datetime, "current_login_at" datetime, "last_login_ip" varchar(255), "current_login_ip" varchar(255), "created_at" datetime, "updated_at" datetime) [0m
  [4;35;1mSQL (0.1ms)[0m   [0mINSERT INTO schema_migrations (version) VALUES ('20090326150951')[0m
  [4;36;1mSQL (0.4ms)[0m   [0;1m SELECT name
 FROM sqlite_master
 WHERE type = 'table' AND NOT name = 'sqlite_sequence'
[0m
  [4;35;1mSQL (0.2ms)[0m   [0mSELECT version FROM schema_migrations[0m
  [4;36;1mSQL (0.3ms)[0m   [0;1m SELECT name
 FROM sqlite_master
 WHERE type = 'table' AND NOT name = 'sqlite_sequence'
[0m
  [4;35;1mSQL (0.1ms)[0m   [0mPRAGMA index_list("users")[0m


Processing UsersController#index (for 127.0.0.1 at 2009-04-01 02:43:38) [GET]
  Parameters: {"action"=>"index", "controller"=>"users"}

ActionController::UnknownAction (No action responded to index. Actions: create, edit, new, show, and update):
  

Rendering rescues/layout (not_found)


Processing ApplicationController#index (for 127.0.0.1 at 2009-04-01 02:43:47) [GET]

ActionController::RoutingError (No route matches "/login" with {:method=>:get}):
  

Rendering rescues/layout (not_found)


Processing ApplicationController#index (for 127.0.0.1 at 2009-04-01 02:43:53) [GET]

ActionController::RoutingError (No route matches "/logout" with {:method=>:get}):
  

Rendering rescues/layout (not_found)
  [4;36;1mSQL (51.3ms)[0m   [0;1m SELECT name
 FROM sqlite_master
 WHERE type = 'table' AND NOT name = 'sqlite_sequence'
[0m
  [4;35;1mSQL (0.3ms)[0m   [0mSELECT version FROM schema_migrations[0m
  [4;36;1mSQL (0.1ms)[0m   [0;1mselect sqlite_version(*)[0m
  [4;35;1mSQL (0.2ms)[0m   [0m SELECT name
 FROM sqlite_master
 WHERE type = 'table' AND NOT name = 'sqlite_sequence'
[0m
  [4;36;1mSQL (3.0ms)[0m   [0;1mCREATE TABLE "users" ("id" INTEGER PRIMARY KEY AUTOINCREMENT NOT NULL, "login" varchar(255), "email" varchar(255), "crypted_password" varchar(255), "persistence_token" varchar(255), "login_count" integer, "last_request_at" datetime, "last_login_at" datetime, "current_login_at" datetime, "last_login_ip" varchar(255), "current_login_ip" varchar(255), "created_at" datetime, "updated_at" datetime) [0m
  [4;35;1mSQL (0.5ms)[0m   [0m SELECT name
 FROM sqlite_master
 WHERE type = 'table' AND NOT name = 'sqlite_sequence'
[0m
  [4;36;1mSQL (2.4ms)[0m   [0;1mCREATE TABLE "schema_migrations" ("version" varchar(255) NOT NULL) [0m
  [4;35;1mSQL (10.2ms)[0m   [0mCREATE UNIQUE INDEX "unique_schema_migrations" ON "schema_migrations" ("version")[0m
  [4;36;1mSQL (0.3ms)[0m   [0;1m SELECT name
 FROM sqlite_master
 WHERE type = 'table' AND NOT name = 'sqlite_sequence'
[0m
  [4;35;1mSQL (0.1ms)[0m   [0mSELECT version FROM "schema_migrations"[0m
  [4;36;1mSQL (2.2ms)[0m   [0;1mINSERT INTO "schema_migrations" (version) VALUES ('20090326150951')[0m
  [4;36;1mSQL (0.7ms)[0m   [0;1m SELECT name
 FROM sqlite_master
 WHERE type = 'table' AND NOT name = 'sqlite_sequence'
[0m
  [4;35;1mSQL (0.1ms)[0m   [0mSELECT version FROM schema_migrations[0m
  [4;36;1mSQL (0.1ms)[0m   [0;1mselect sqlite_version(*)[0m
  [4;35;1mSQL (8.9ms)[0m   [0m SELECT name
 FROM sqlite_master
 WHERE type = 'table' AND NOT name = 'sqlite_sequence'
[0m
  [4;36;1mSQL (13.0ms)[0m   [0;1mCREATE TABLE "users" ("id" INTEGER PRIMARY KEY AUTOINCREMENT NOT NULL, "login" varchar(255), "email" varchar(255), "crypted_password" varchar(255), "persistence_token" varchar(255), "login_count" integer, "last_request_at" datetime, "last_login_at" datetime, "current_login_at" datetime, "last_login_ip" varchar(255), "current_login_ip" varchar(255), "created_at" datetime, "updated_at" datetime) [0m
  [4;35;1mSQL (0.4ms)[0m   [0m SELECT name
 FROM sqlite_master
 WHERE type = 'table' AND NOT name = 'sqlite_sequence'
[0m
  [4;36;1mSQL (1.9ms)[0m   [0;1mCREATE TABLE "schema_migrations" ("version" varchar(255) NOT NULL) [0m
  [4;35;1mSQL (1.7ms)[0m   [0mCREATE UNIQUE INDEX "unique_schema_migrations" ON "schema_migrations" ("version")[0m
  [4;36;1mSQL (0.2ms)[0m   [0;1m SELECT name
 FROM sqlite_master
 WHERE type = 'table' AND NOT name = 'sqlite_sequence'
[0m
  [4;35;1mSQL (0.1ms)[0m   [0mSELECT version FROM "schema_migrations"[0m
  [4;36;1mSQL (1.7ms)[0m   [0;1mINSERT INTO "schema_migrations" (version) VALUES ('20090326150951')[0m
  [4;36;1mSQL (0.8ms)[0m   [0;1m SELECT name
 FROM sqlite_master
 WHERE type = 'table' AND NOT name = 'sqlite_sequence'
[0m
  [4;35;1mSQL (0.1ms)[0m   [0mSELECT version FROM schema_migrations[0m
  [4;36;1mSQL (0.1ms)[0m   [0;1mselect sqlite_version(*)[0m
  [4;35;1mSQL (0.2ms)[0m   [0m SELECT name
 FROM sqlite_master
 WHERE type = 'table' AND NOT name = 'sqlite_sequence'
[0m
  [4;36;1mSQL (12.1ms)[0m   [0;1mCREATE TABLE "users" ("id" INTEGER PRIMARY KEY AUTOINCREMENT NOT NULL, "login" varchar(255), "email" varchar(255), "crypted_password" varchar(255), "persistence_token" varchar(255), "login_count" integer, "last_request_at" datetime, "last_login_at" datetime, "current_login_at" datetime, "last_login_ip" varchar(255), "current_login_ip" varchar(255), "created_at" datetime, "updated_at" datetime) [0m
  [4;35;1mSQL (0.2ms)[0m   [0m SELECT name
 FROM sqlite_master
 WHERE type = 'table' AND NOT name = 'sqlite_sequence'
[0m
  [4;36;1mSQL (2.0ms)[0m   [0;1mCREATE TABLE "schema_migrations" ("version" varchar(255) NOT NULL) [0m
  [4;35;1mSQL (1.5ms)[0m   [0mCREATE UNIQUE INDEX "unique_schema_migrations" ON "schema_migrations" ("version")[0m
  [4;36;1mSQL (0.5ms)[0m   [0;1m SELECT name
 FROM sqlite_master
 WHERE type = 'table' AND NOT name = 'sqlite_sequence'
[0m
  [4;35;1mSQL (0.1ms)[0m   [0mSELECT version FROM "schema_migrations"[0m
  [4;36;1mSQL (2.1ms)[0m   [0;1mINSERT INTO "schema_migrations" (version) VALUES ('20090326150951')[0m
  [4;36;1mSQL (0.8ms)[0m   [0;1m SELECT name
 FROM sqlite_master
 WHERE type = 'table' AND NOT name = 'sqlite_sequence'
[0m
  [4;35;1mSQL (0.1ms)[0m   [0mSELECT version FROM schema_migrations[0m
  [4;36;1mSQL (0.1ms)[0m   [0;1mselect sqlite_version(*)[0m
  [4;35;1mSQL (0.2ms)[0m   [0m SELECT name
 FROM sqlite_master
 WHERE type = 'table' AND NOT name = 'sqlite_sequence'
[0m
  [4;36;1mSQL (12.6ms)[0m   [0;1mCREATE TABLE "users" ("id" INTEGER PRIMARY KEY AUTOINCREMENT NOT NULL, "login" varchar(255), "email" varchar(255), "crypted_password" varchar(255), "persistence_token" varchar(255), "login_count" integer, "last_request_at" datetime, "last_login_at" datetime, "current_login_at" datetime, "last_login_ip" varchar(255), "current_login_ip" varchar(255), "created_at" datetime, "updated_at" datetime) [0m
  [4;35;1mSQL (0.2ms)[0m   [0m SELECT name
 FROM sqlite_master
 WHERE type = 'table' AND NOT name = 'sqlite_sequence'
[0m
  [4;36;1mSQL (3.9ms)[0m   [0;1mCREATE TABLE "schema_migrations" ("version" varchar(255) NOT NULL) [0m
  [4;35;1mSQL (1.6ms)[0m   [0mCREATE UNIQUE INDEX "unique_schema_migrations" ON "schema_migrations" ("version")[0m
  [4;36;1mSQL (0.2ms)[0m   [0;1m SELECT name
 FROM sqlite_master
 WHERE type = 'table' AND NOT name = 'sqlite_sequence'
[0m
  [4;35;1mSQL (0.1ms)[0m   [0mSELECT version FROM "schema_migrations"[0m
  [4;36;1mSQL (1.5ms)[0m   [0;1mINSERT INTO "schema_migrations" (version) VALUES ('20090326150951')[0m
  [4;36;1mSQL (0.7ms)[0m   [0;1m SELECT name
 FROM sqlite_master
 WHERE type = 'table' AND NOT name = 'sqlite_sequence'
[0m
  [4;35;1mSQL (0.1ms)[0m   [0mSELECT version FROM schema_migrations[0m
  [4;36;1mSQL (0.2ms)[0m   [0;1mselect sqlite_version(*)[0m
  [4;35;1mSQL (0.5ms)[0m   [0m SELECT name
 FROM sqlite_master
 WHERE type = 'table' AND NOT name = 'sqlite_sequence'
[0m
  [4;36;1mSQL (12.6ms)[0m   [0;1mCREATE TABLE "users" ("id" INTEGER PRIMARY KEY AUTOINCREMENT NOT NULL, "login" varchar(255), "email" varchar(255), "crypted_password" varchar(255), "persistence_token" varchar(255), "login_count" integer, "last_request_at" datetime, "last_login_at" datetime, "current_login_at" datetime, "last_login_ip" varchar(255), "current_login_ip" varchar(255), "created_at" datetime, "updated_at" datetime) [0m
  [4;35;1mSQL (0.3ms)[0m   [0m SELECT name
 FROM sqlite_master
 WHERE type = 'table' AND NOT name = 'sqlite_sequence'
[0m
  [4;36;1mSQL (1.9ms)[0m   [0;1mCREATE TABLE "schema_migrations" ("version" varchar(255) NOT NULL) [0m
  [4;35;1mSQL (2.5ms)[0m   [0mCREATE UNIQUE INDEX "unique_schema_migrations" ON "schema_migrations" ("version")[0m
  [4;36;1mSQL (0.6ms)[0m   [0;1m SELECT name
 FROM sqlite_master
 WHERE type = 'table' AND NOT name = 'sqlite_sequence'
[0m
  [4;35;1mSQL (0.2ms)[0m   [0mSELECT version FROM "schema_migrations"[0m
  [4;36;1mSQL (1.7ms)[0m   [0;1mINSERT INTO "schema_migrations" (version) VALUES ('20090326150951')[0m
  [4;36;1mSQL (0.8ms)[0m   [0;1m SELECT name
 FROM sqlite_master
 WHERE type = 'table' AND NOT name = 'sqlite_sequence'
[0m
  [4;35;1mSQL (0.1ms)[0m   [0mSELECT version FROM schema_migrations[0m
  [4;36;1mSQL (0.1ms)[0m   [0;1mselect sqlite_version(*)[0m
  [4;35;1mSQL (0.2ms)[0m   [0m SELECT name
 FROM sqlite_master
 WHERE type = 'table' AND NOT name = 'sqlite_sequence'
[0m
  [4;36;1mSQL (13.0ms)[0m   [0;1mCREATE TABLE "users" ("id" INTEGER PRIMARY KEY AUTOINCREMENT NOT NULL, "login" varchar(255), "email" varchar(255), "crypted_password" varchar(255), "persistence_token" varchar(255), "login_count" integer, "last_request_at" datetime, "last_login_at" datetime, "current_login_at" datetime, "last_login_ip" varchar(255), "current_login_ip" varchar(255), "created_at" datetime, "updated_at" datetime) [0m
  [4;35;1mSQL (0.4ms)[0m   [0m SELECT name
 FROM sqlite_master
 WHERE type = 'table' AND NOT name = 'sqlite_sequence'
[0m
  [4;36;1mSQL (2.5ms)[0m   [0;1mCREATE TABLE "schema_migrations" ("version" varchar(255) NOT NULL) [0m
  [4;35;1mSQL (1.6ms)[0m   [0mCREATE UNIQUE INDEX "unique_schema_migrations" ON "schema_migrations" ("version")[0m
  [4;36;1mSQL (0.2ms)[0m   [0;1m SELECT name
 FROM sqlite_master
 WHERE type = 'table' AND NOT name = 'sqlite_sequence'
[0m
  [4;35;1mSQL (0.1ms)[0m   [0mSELECT version FROM "schema_migrations"[0m
  [4;36;1mSQL (1.4ms)[0m   [0;1mINSERT INTO "schema_migrations" (version) VALUES ('20090326150951')[0m
  [4;36;1mSQL (0.8ms)[0m   [0;1m SELECT name
 FROM sqlite_master
 WHERE type = 'table' AND NOT name = 'sqlite_sequence'
[0m
  [4;35;1mSQL (0.1ms)[0m   [0mSELECT version FROM schema_migrations[0m
  [4;36;1mSQL (0.1ms)[0m   [0;1mselect sqlite_version(*)[0m
  [4;35;1mSQL (0.2ms)[0m   [0m SELECT name
 FROM sqlite_master
 WHERE type = 'table' AND NOT name = 'sqlite_sequence'
[0m
  [4;36;1mSQL (12.4ms)[0m   [0;1mCREATE TABLE "users" ("id" INTEGER PRIMARY KEY AUTOINCREMENT NOT NULL, "login" varchar(255), "email" varchar(255), "crypted_password" varchar(255), "persistence_token" varchar(255), "login_count" integer, "last_request_at" datetime, "last_login_at" datetime, "current_login_at" datetime, "last_login_ip" varchar(255), "current_login_ip" varchar(255), "created_at" datetime, "updated_at" datetime) [0m
  [4;35;1mSQL (0.3ms)[0m   [0m SELECT name
 FROM sqlite_master
 WHERE type = 'table' AND NOT name = 'sqlite_sequence'
[0m
  [4;36;1mSQL (1.8ms)[0m   [0;1mCREATE TABLE "schema_migrations" ("version" varchar(255) NOT NULL) [0m
  [4;35;1mSQL (2.7ms)[0m   [0mCREATE UNIQUE INDEX "unique_schema_migrations" ON "schema_migrations" ("version")[0m
  [4;36;1mSQL (0.2ms)[0m   [0;1m SELECT name
 FROM sqlite_master
 WHERE type = 'table' AND NOT name = 'sqlite_sequence'
[0m
  [4;35;1mSQL (0.1ms)[0m   [0mSELECT version FROM "schema_migrations"[0m
  [4;36;1mSQL (1.5ms)[0m   [0;1mINSERT INTO "schema_migrations" (version) VALUES ('20090326150951')[0m
  [4;36;1mSQL (0.9ms)[0m   [0;1m SELECT name
 FROM sqlite_master
 WHERE type = 'table' AND NOT name = 'sqlite_sequence'
[0m
  [4;35;1mSQL (0.2ms)[0m   [0mSELECT version FROM schema_migrations[0m
  [4;36;1mSQL (0.1ms)[0m   [0;1mselect sqlite_version(*)[0m
  [4;35;1mSQL (0.2ms)[0m   [0m SELECT name
 FROM sqlite_master
 WHERE type = 'table' AND NOT name = 'sqlite_sequence'
[0m
  [4;36;1mSQL (12.8ms)[0m   [0;1mCREATE TABLE "users" ("id" INTEGER PRIMARY KEY AUTOINCREMENT NOT NULL, "login" varchar(255), "email" varchar(255), "crypted_password" varchar(255), "persistence_token" varchar(255), "login_count" integer, "last_request_at" datetime, "last_login_at" datetime, "current_login_at" datetime, "last_login_ip" varchar(255), "current_login_ip" varchar(255), "created_at" datetime, "updated_at" datetime) [0m
  [4;35;1mSQL (0.2ms)[0m   [0m SELECT name
 FROM sqlite_master
 WHERE type = 'table' AND NOT name = 'sqlite_sequence'
[0m
  [4;36;1mSQL (2.1ms)[0m   [0;1mCREATE TABLE "schema_migrations" ("version" varchar(255) NOT NULL) [0m
  [4;35;1mSQL (2.3ms)[0m   [0mCREATE UNIQUE INDEX "unique_schema_migrations" ON "schema_migrations" ("version")[0m
  [4;36;1mSQL (0.2ms)[0m   [0;1m SELECT name
 FROM sqlite_master
 WHERE type = 'table' AND NOT name = 'sqlite_sequence'
[0m
  [4;35;1mSQL (0.1ms)[0m   [0mSELECT version FROM "schema_migrations"[0m
  [4;36;1mSQL (1.3ms)[0m   [0;1mINSERT INTO "schema_migrations" (version) VALUES ('20090326150951')[0m
  [4;36;1mSQL (0.7ms)[0m   [0;1m SELECT name
 FROM sqlite_master
 WHERE type = 'table' AND NOT name = 'sqlite_sequence'
[0m
  [4;35;1mSQL (0.1ms)[0m   [0mSELECT version FROM schema_migrations[0m
  [4;36;1mSQL (0.1ms)[0m   [0;1mselect sqlite_version(*)[0m
  [4;35;1mSQL (0.2ms)[0m   [0m SELECT name
 FROM sqlite_master
 WHERE type = 'table' AND NOT name = 'sqlite_sequence'
[0m
  [4;36;1mSQL (15.1ms)[0m   [0;1mCREATE TABLE "users" ("id" INTEGER PRIMARY KEY AUTOINCREMENT NOT NULL, "login" varchar(255), "email" varchar(255), "crypted_password" varchar(255), "persistence_token" varchar(255), "login_count" integer, "last_request_at" datetime, "last_login_at" datetime, "current_login_at" datetime, "last_login_ip" varchar(255), "current_login_ip" varchar(255), "created_at" datetime, "updated_at" datetime) [0m
  [4;35;1mSQL (0.2ms)[0m   [0m SELECT name
 FROM sqlite_master
 WHERE type = 'table' AND NOT name = 'sqlite_sequence'
[0m
  [4;36;1mSQL (2.0ms)[0m   [0;1mCREATE TABLE "schema_migrations" ("version" varchar(255) NOT NULL) [0m
  [4;35;1mSQL (2.1ms)[0m   [0mCREATE UNIQUE INDEX "unique_schema_migrations" ON "schema_migrations" ("version")[0m
  [4;36;1mSQL (0.4ms)[0m   [0;1m SELECT name
 FROM sqlite_master
 WHERE type = 'table' AND NOT name = 'sqlite_sequence'
[0m
  [4;35;1mSQL (0.2ms)[0m   [0mSELECT version FROM "schema_migrations"[0m
  [4;36;1mSQL (2.3ms)[0m   [0;1mINSERT INTO "schema_migrations" (version) VALUES ('20090326150951')[0m
  [4;36;1mSQL (0.7ms)[0m   [0;1m SELECT name
 FROM sqlite_master
 WHERE type = 'table' AND NOT name = 'sqlite_sequence'
[0m
  [4;35;1mSQL (0.1ms)[0m   [0mSELECT version FROM schema_migrations[0m
Migrating to CreateUsers (20090326150951)
  [4;36;1mSQL (0.2ms)[0m   [0;1mselect sqlite_version(*)[0m
  [4;35;1mSQL (0.2ms)[0m   [0m SELECT name
 FROM sqlite_master
 WHERE type = 'table' AND NOT name = 'sqlite_sequence'
[0m
  [4;36;1mSQL (0.1ms)[0m   [0;1mSELECT version FROM schema_migrations[0m
  [4;35;1mSQL (0.2ms)[0m   [0m SELECT name
 FROM sqlite_master
 WHERE type = 'table' AND NOT name = 'sqlite_sequence'
[0m
  [4;36;1mSQL (0.1ms)[0m   [0;1mPRAGMA index_list("users")[0m
  [4;36;1mSQL (0.5ms)[0m   [0;1mselect sqlite_version(*)[0m
  [4;35;1mSQL (0.7ms)[0m   [0m SELECT name
 FROM sqlite_master
 WHERE type = 'table' AND NOT name = 'sqlite_sequence'
[0m
  [4;36;1mSQL (0.1ms)[0m   [0;1mSELECT version FROM schema_migrations[0m
  [4;35;1mSQL (0.3ms)[0m   [0m SELECT name
 FROM sqlite_master
 WHERE type = 'table' AND NOT name = 'sqlite_sequence'
[0m
  [4;36;1mSQL (0.0ms)[0m   [0;1mPRAGMA index_list("users")[0m
  [4;35;1mSQL (0.1ms)[0m   [0mselect sqlite_version(*)[0m
  [4;36;1mSQL (0.3ms)[0m   [0;1m SELECT name
 FROM sqlite_master
 WHERE type = 'table' AND NOT name = 'sqlite_sequence'
[0m
  [4;35;1mSQL (2.0ms)[0m   [0mCREATE TABLE "users" ("id" INTEGER PRIMARY KEY AUTOINCREMENT NOT NULL, "login" varchar(255), "email" varchar(255), "crypted_password" varchar(255), "persistence_token" varchar(255), "login_count" integer, "last_request_at" datetime, "last_login_at" datetime, "current_login_at" datetime, "last_login_ip" varchar(255), "current_login_ip" varchar(255), "created_at" datetime, "updated_at" datetime) [0m
  [4;36;1mSQL (0.5ms)[0m   [0;1m SELECT name
 FROM sqlite_master
 WHERE type = 'table' AND NOT name = 'sqlite_sequence'
[0m
  [4;35;1mSQL (2.0ms)[0m   [0mCREATE TABLE "schema_migrations" ("version" varchar(255) NOT NULL) [0m
  [4;36;1mSQL (2.8ms)[0m   [0;1mCREATE UNIQUE INDEX "unique_schema_migrations" ON "schema_migrations" ("version")[0m
  [4;35;1mSQL (0.5ms)[0m   [0m SELECT name
 FROM sqlite_master
 WHERE type = 'table' AND NOT name = 'sqlite_sequence'
[0m
  [4;36;1mSQL (0.1ms)[0m   [0;1mSELECT version FROM "schema_migrations"[0m
  [4;35;1mSQL (1.9ms)[0m   [0mINSERT INTO "schema_migrations" (version) VALUES ('20090326150951')[0m
  [4;36;1mSQL (0.8ms)[0m   [0;1m SELECT name
 FROM sqlite_master
 WHERE type = 'table' AND NOT name = 'sqlite_sequence'
[0m
  [4;35;1mSQL (0.1ms)[0m   [0mSELECT version FROM schema_migrations[0m
Migrating to CreateUsers (20090326150951)
  [4;36;1mSQL (0.1ms)[0m   [0;1mselect sqlite_version(*)[0m
  [4;35;1mSQL (0.2ms)[0m   [0m SELECT name
 FROM sqlite_master
 WHERE type = 'table' AND NOT name = 'sqlite_sequence'
[0m
  [4;36;1mSQL (0.1ms)[0m   [0;1mSELECT version FROM schema_migrations[0m
  [4;35;1mSQL (0.1ms)[0m   [0m SELECT name
 FROM sqlite_master
 WHERE type = 'table' AND NOT name = 'sqlite_sequence'
[0m
  [4;36;1mSQL (0.0ms)[0m   [0;1mPRAGMA index_list("users")[0m
  [4;36;1mSQL (0.5ms)[0m   [0;1m SELECT name
 FROM sqlite_master
 WHERE type = 'table' AND NOT name = 'sqlite_sequence'
[0m
  [4;35;1mSQL (0.2ms)[0m   [0mselect sqlite_version(*)[0m
  [4;36;1mSQL (12.7ms)[0m   [0;1mCREATE TABLE "schema_migrations" ("version" varchar(255) NOT NULL) [0m
  [4;35;1mSQL (2.3ms)[0m   [0mCREATE UNIQUE INDEX "unique_schema_migrations" ON "schema_migrations" ("version")[0m
  [4;36;1mSQL (0.2ms)[0m   [0;1m SELECT name
 FROM sqlite_master
 WHERE type = 'table' AND NOT name = 'sqlite_sequence'
[0m
  [4;35;1mSQL (0.1ms)[0m   [0mSELECT version FROM schema_migrations[0m
Migrating to CreateUsers (20090326150951)
  [4;36;1mSQL (0.9ms)[0m   [0;1mCREATE TABLE "users" ("id" INTEGER PRIMARY KEY AUTOINCREMENT NOT NULL, "login" varchar(255), "email" varchar(255), "crypted_password" varchar(255), "password_salt" varchar(255), "persistence_token" varchar(255), "created_at" datetime, "updated_at" datetime) [0m
  [4;35;1mSQL (0.1ms)[0m   [0mINSERT INTO schema_migrations (version) VALUES ('20090326150951')[0m
  [4;36;1mSQL (0.3ms)[0m   [0;1m SELECT name
 FROM sqlite_master
 WHERE type = 'table' AND NOT name = 'sqlite_sequence'
[0m
  [4;35;1mSQL (0.1ms)[0m   [0mSELECT version FROM schema_migrations[0m
  [4;36;1mSQL (0.2ms)[0m   [0;1m SELECT name
 FROM sqlite_master
 WHERE type = 'table' AND NOT name = 'sqlite_sequence'
[0m
  [4;35;1mSQL (0.1ms)[0m   [0mPRAGMA index_list("users")[0m
  [4;36;1mSQL (0.3ms)[0m   [0;1mselect sqlite_version(*)[0m
  [4;35;1mSQL (0.5ms)[0m   [0m SELECT name
 FROM sqlite_master
 WHERE type = 'table' AND NOT name = 'sqlite_sequence'
[0m
  [4;36;1mSQL (0.1ms)[0m   [0;1mSELECT version FROM schema_migrations[0m
  [4;35;1mSQL (0.9ms)[0m   [0m SELECT name
 FROM sqlite_master
 WHERE type = 'table' AND NOT name = 'sqlite_sequence'
[0m
  [4;36;1mSQL (0.0ms)[0m   [0;1mPRAGMA index_list("users")[0m
  [4;35;1mSQL (0.1ms)[0m   [0mselect sqlite_version(*)[0m
  [4;36;1mSQL (0.2ms)[0m   [0;1m SELECT name
 FROM sqlite_master
 WHERE type = 'table' AND NOT name = 'sqlite_sequence'
[0m
  [4;35;1mSQL (2.0ms)[0m   [0mCREATE TABLE "users" ("id" INTEGER PRIMARY KEY AUTOINCREMENT NOT NULL, "login" varchar(255), "email" varchar(255), "crypted_password" varchar(255), "password_salt" varchar(255), "persistence_token" varchar(255), "created_at" datetime, "updated_at" datetime) [0m
  [4;36;1mSQL (0.3ms)[0m   [0;1m SELECT name
 FROM sqlite_master
 WHERE type = 'table' AND NOT name = 'sqlite_sequence'
[0m
  [4;35;1mSQL (1.8ms)[0m   [0mCREATE TABLE "schema_migrations" ("version" varchar(255) NOT NULL) [0m
  [4;36;1mSQL (1.9ms)[0m   [0;1mCREATE UNIQUE INDEX "unique_schema_migrations" ON "schema_migrations" ("version")[0m
  [4;35;1mSQL (0.2ms)[0m   [0m SELECT name
 FROM sqlite_master
 WHERE type = 'table' AND NOT name = 'sqlite_sequence'
[0m
  [4;36;1mSQL (0.1ms)[0m   [0;1mSELECT version FROM "schema_migrations"[0m
  [4;35;1mSQL (1.8ms)[0m   [0mINSERT INTO "schema_migrations" (version) VALUES ('20090326150951')[0m
  [4;36;1mUser Exists (0.2ms)[0m   [0;1mSELECT "users".id FROM "users" WHERE ("users"."persistence_token" = 'a3c214341b4dd4f05d2e9663b7e9595bcb2e3847d3282a1b7e5efd0b1c2a5030129f5feacdf21581c7278f9982a1881ac4814b7756a5bfc2a6ecef37aa588a69') LIMIT 1[0m
  [4;35;1mUser Exists (0.2ms)[0m   [0mSELECT "users".id FROM "users" WHERE ("users"."persistence_token" = '04cad4cd824ef221387ddaca046975652779a23ff93f753e77c6936ef6af8b18d409a5af491c397a817900e7bee867ae364c03650f0a140808f3cffed51ef91a') LIMIT 1[0m
  [4;36;1mSQL (1.6ms)[0m   [0;1m SELECT name
 FROM sqlite_master
 WHERE type = 'table' AND NOT name = 'sqlite_sequence'
[0m
  [4;35;1mSQL (0.3ms)[0m   [0m SELECT name
 FROM sqlite_master
 WHERE type = 'table' AND NOT name = 'sqlite_sequence'
[0m
  [4;36;1mSQL (0.3ms)[0m   [0;1m SELECT name
 FROM sqlite_master
 WHERE type = 'table' AND NOT name = 'sqlite_sequence'
[0m
  [4;36;1mSQL (0.8ms)[0m   [0;1m SELECT name
 FROM sqlite_master
 WHERE type = 'table' AND NOT name = 'sqlite_sequence'
[0m
  [4;35;1mSQL (0.1ms)[0m   [0mSELECT version FROM schema_migrations[0m
  [4;36;1mSQL (0.1ms)[0m   [0;1mselect sqlite_version(*)[0m
  [4;35;1mSQL (0.2ms)[0m   [0m SELECT name
 FROM sqlite_master
 WHERE type = 'table' AND NOT name = 'sqlite_sequence'
[0m
  [4;36;1mSQL (3.5ms)[0m   [0;1mCREATE TABLE "users" ("id" INTEGER PRIMARY KEY AUTOINCREMENT NOT NULL, "login" varchar(255), "email" varchar(255), "crypted_password" varchar(255), "password_salt" varchar(255), "persistence_token" varchar(255), "created_at" datetime, "updated_at" datetime) [0m
  [4;35;1mSQL (0.4ms)[0m   [0m SELECT name
 FROM sqlite_master
 WHERE type = 'table' AND NOT name = 'sqlite_sequence'
[0m
  [4;36;1mSQL (1.8ms)[0m   [0;1mCREATE TABLE "schema_migrations" ("version" varchar(255) NOT NULL) [0m
  [4;35;1mSQL (1.7ms)[0m   [0mCREATE UNIQUE INDEX "unique_schema_migrations" ON "schema_migrations" ("version")[0m
  [4;36;1mSQL (0.3ms)[0m   [0;1m SELECT name
 FROM sqlite_master
 WHERE type = 'table' AND NOT name = 'sqlite_sequence'
[0m
  [4;35;1mSQL (0.1ms)[0m   [0mSELECT version FROM "schema_migrations"[0m
  [4;36;1mSQL (1.6ms)[0m   [0;1mINSERT INTO "schema_migrations" (version) VALUES ('20090326150951')[0m
  [4;36;1mSQL (0.7ms)[0m   [0;1m SELECT name
 FROM sqlite_master
 WHERE type = 'table' AND NOT name = 'sqlite_sequence'
[0m
  [4;35;1mSQL (0.1ms)[0m   [0mSELECT version FROM schema_migrations[0m
Migrating to CreateUsers (20090326150951)
Migrating to CreateRoles (20090402013629)
  [4;36;1mSQL (0.1ms)[0m   [0;1mselect sqlite_version(*)[0m
  [4;35;1mSQL (0.5ms)[0m   [0mCREATE TABLE "roles" ("id" INTEGER PRIMARY KEY AUTOINCREMENT NOT NULL, "name" varchar(40), "authorizable_type" varchar(40), "authorizable_id" integer, "created_at" datetime, "updated_at" datetime) [0m
  [4;36;1mSQL (0.1ms)[0m   [0;1m SELECT name
 FROM sqlite_master
 WHERE type = 'table' AND NOT name = 'sqlite_sequence'
[0m
  [4;35;1mSQL (0.1ms)[0m   [0mCREATE TABLE "roles_users" ("user_id" integer, "role_id" integer, "created_at" datetime, "updated_at" datetime) [0m
  [4;36;1mSQL (0.1ms)[0m   [0;1mINSERT INTO schema_migrations (version) VALUES ('20090402013629')[0m
  [4;35;1mSQL (0.5ms)[0m   [0m SELECT name
 FROM sqlite_master
 WHERE type = 'table' AND NOT name = 'sqlite_sequence'
[0m
  [4;36;1mSQL (0.2ms)[0m   [0;1mSELECT version FROM schema_migrations[0m
  [4;35;1mSQL (0.3ms)[0m   [0m SELECT name
 FROM sqlite_master
 WHERE type = 'table' AND NOT name = 'sqlite_sequence'
[0m
  [4;36;1mSQL (0.0ms)[0m   [0;1mPRAGMA index_list("roles")[0m
  [4;35;1mSQL (0.0ms)[0m   [0mPRAGMA index_list("roles_users")[0m
  [4;36;1mSQL (0.0ms)[0m   [0;1mPRAGMA index_list("users")[0m
  [4;36;1mSQL (0.4ms)[0m   [0;1m SELECT name
 FROM sqlite_master
 WHERE type = 'table' AND NOT name = 'sqlite_sequence'
[0m
  [4;35;1mUser Load (0.4ms)[0m   [0mSELECT * FROM "users" ORDER BY users.id DESC LIMIT 1[0m
  [4;36;1mUser Exists (0.2ms)[0m   [0;1mSELECT "users".id FROM "users" WHERE ("users"."login" = 'mholub') LIMIT 1[0m
  [4;35;1mUser Exists (0.1ms)[0m   [0mSELECT "users".id FROM "users" WHERE ("users"."email" = 'michael.holub@gmail.com') LIMIT 1[0m
  [4;36;1mUser Exists (0.1ms)[0m   [0;1mSELECT "users".id FROM "users" WHERE ("users"."persistence_token" = 'af219a2a5d6b19b32b06637dfc4a1baa30602ae4692645e24bbb5a9e93b84ed8169a8a36a257a1d533222afff46c0c8d49d19864c9ad52522683bc7cc071ca5f') LIMIT 1[0m
  [4;35;1mUser Create (0.8ms)[0m   [0mINSERT INTO "users" ("created_at", "crypted_password", "updated_at", "password_salt", "persistence_token", "login", "email") VALUES('2009-04-02 01:55:43', '9a61d55e1ef319db7f6d6988a89f2cd6f0019a24a32797f347e69e3422565c85f20c6371f3af659ab8cd78d72a2f101f0f579fa8506f055387fbd80bf55eb66d', '2009-04-02 01:55:43', 'bb24a96f7f4e0badbf1e54710e18b7b4a9811270e91393825c0d39842293305c813241ac0400c3da469417126a4e11a7ba322b148889752a059095c3e496172a', 'af219a2a5d6b19b32b06637dfc4a1baa30602ae4692645e24bbb5a9e93b84ed8169a8a36a257a1d533222afff46c0c8d49d19864c9ad52522683bc7cc071ca5f', 'mholub', 'michael.holub@gmail.com')[0m
  [4;36;1mUser Load (0.4ms)[0m   [0;1mSELECT * FROM "users" ORDER BY users.id DESC LIMIT 1[0m
  [4;35;1mRole Load (0.2ms)[0m   [0mSELECT * FROM "roles" INNER JOIN "roles_users" ON "roles".id = "roles_users".role_id WHERE ("roles_users".user_id = 1 ) [0m
  [4;36;1mRole Load (0.6ms)[0m   [0;1mSELECT "roles".* FROM "roles" INNER JOIN "roles_users" ON "roles".id = "roles_users".role_id WHERE ("roles"."name" = 'admin') AND ("roles_users".user_id = 1 ) LIMIT 1[0m
  [4;35;1mRole Load (0.1ms)[0m   [0mSELECT * FROM "roles" WHERE (name = 'admin' and authorizable_type IS NULL and authorizable_id IS NULL) LIMIT 1[0m
  [4;36;1mRole Load (0.2ms)[0m   [0;1mSELECT * FROM "roles" WHERE (name = 'admin' and authorizable_type IS NULL and authorizable_id IS NULL) LIMIT 1[0m
  [4;35;1mRole Create (0.3ms)[0m   [0mINSERT INTO "roles" ("name", "created_at", "authorizable_type", "updated_at", "authorizable_id") VALUES('admin', '2009-04-02 01:56:07', NULL, '2009-04-02 01:56:07', NULL)[0m
  [4;36;1mRole Exists (0.3ms)[0m   [0;1mSELECT "roles".id FROM "roles" INNER JOIN "roles_users" ON "roles".id = "roles_users".role_id WHERE ("roles"."id" = 1) AND ("roles_users".user_id = 1 ) LIMIT 1[0m
  [4;35;1mSQL (0.4ms)[0m   [0mINSERT INTO "roles_users" ("created_at", "updated_at", "role_id", "user_id") VALUES ('2009-04-02 01:56:07', '2009-04-02 01:56:07', 1, 1)[0m
  [4;36;1mRole Load (0.3ms)[0m   [0;1mSELECT "roles".* FROM "roles" INNER JOIN "roles_users" ON "roles".id = "roles_users".role_id WHERE ("roles"."name" = 'admin') AND ("roles_users".user_id = 1 ) LIMIT 1[0m
  [4;35;1mUser Update (0.7ms)[0m   [0mUPDATE "users" SET "persistence_token" = 'af219a2a5d6b19b32b06637dfc4a1baa30602ae4692645e24bbb5a9e93b84ed8169a8a36a257a1d533222afff46c0c8d49d19864c9ad52522683bc7cc071ca5f', "updated_at" = '2009-04-02 01:56:19', "created_at" = '2009-04-02 01:55:43', "email" = 'michael.holub@gmail.com', "login" = 'mholub', "password_salt" = 'bb24a96f7f4e0badbf1e54710e18b7b4a9811270e91393825c0d39842293305c813241ac0400c3da469417126a4e11a7ba322b148889752a059095c3e496172a', "crypted_password" = '9a61d55e1ef319db7f6d6988a89f2cd6f0019a24a32797f347e69e3422565c85f20c6371f3af659ab8cd78d72a2f101f0f579fa8506f055387fbd80bf55eb66d' WHERE "id" = 1[0m


Processing LandingController#index (for 127.0.0.1 at 2009-04-15 16:21:02) [GET]
  Parameters: {"action"=>"index", "controller"=>"landing"}
Rendering landing/index
Completed in 7ms (View: 5, DB: 0) | 200 OK [http://localhost/]


Processing UserSessionsController#new (for 127.0.0.1 at 2009-04-15 16:21:10) [GET]
  Parameters: {"action"=>"new", "controller"=>"user_sessions"}
Rendering user_sessions/new

ActionView::TemplateError (undefined method `email' for #<UserSession: no credentials provided>) on line #7 of app/views/user_sessions/new.html.erb:
4:   <%= us.error_messages %>
5:   <p>
6:     <%= us.label :email %>
7:     <%= us.text_field :email %>
8:   </p>
9:   
10:   <p>

    app/views/user_sessions/new.html.erb:7
    app/views/user_sessions/new.html.erb:3

Rendered rescues/_trace (45.3ms)
Rendered rescues/_request_and_response (23.5ms)
Rendering rescues/layout (internal_server_error)


Processing UserSessionsController#new (for 127.0.0.1 at 2009-04-15 16:21:28) [GET]
  Parameters: {"action"=>"new", "controller"=>"user_sessions"}
Rendering user_sessions/new
Completed in 17ms (View: 5, DB: 0) | 200 OK [http://localhost/user_session/new]


Processing UserSessionsController#create (for 127.0.0.1 at 2009-04-15 16:21:33) [POST]
  Parameters: {"commit"=>"Log in", "user_session"=>{"password"=>"[FILTERED]", "login"=>"adsd"}, "action"=>"create", "authenticity_token"=>"/Ny60Hxp+ZkegvhRLCcDxPufHs0naR0Fyb7Sd2Y99LQ=", "controller"=>"user_sessions"}
  [4;36;1mUser Load (0.3ms)[0m   [0;1mSELECT * FROM "users" WHERE ("users"."login" = 'adsd') LIMIT 1[0m
Rendering user_sessions/new
Completed in 93ms (View: 2, DB: 0) | 200 OK [http://localhost/user_session]


Processing UsersController#new (for 127.0.0.1 at 2009-04-15 16:21:37) [GET]
  Parameters: {"action"=>"new", "controller"=>"users"}

ActionView::MissingTemplate (Missing template users/new.erb in view path app/views):
  

Rendering rescues/layout (internal_server_error)


Processing ApplicationController#new (for 127.0.0.1 at 2009-04-15 16:21:56) [GET]
  Parameters: {"action"=>"new", "controller"=>"admin/user_sessions"}

LoadError (Expected /Users/mholub/Sources/template/ptemplate/app/controllers/admin/user_sessions_controller.rb to define Admin::UserSessionsController):
  

Rendered rescues/_trace (27.6ms)
Rendered rescues/_request_and_response (0.3ms)
Rendering rescues/layout (internal_server_error)


Processing Admin::UserSessionsController#new (for 127.0.0.1 at 2009-04-15 16:22:43) [GET]
  Parameters: {"action"=>"new", "controller"=>"admin/user_sessions"}
Rendering admin/user_sessions/new

ActionView::TemplateError (undefined method `email' for #<UserSession: no credentials provided>) on line #7 of app/views/admin/user_sessions/new.html.erb:
4:   <%= us.error_messages %>
5:   <p>
6:     <%= us.label :email %>
7:     <%= us.text_field :email %>
8:   </p>
9:   
10:   <p>

    app/views/admin/user_sessions/new.html.erb:7
    app/views/admin/user_sessions/new.html.erb:3

Rendered rescues/_trace (108.2ms)
Rendered rescues/_request_and_response (0.3ms)
Rendering rescues/layout (internal_server_error)


Processing Admin::UserSessionsController#new (for 127.0.0.1 at 2009-04-15 16:23:00) [GET]
  Parameters: {"action"=>"new", "controller"=>"admin/user_sessions"}
Rendering admin/user_sessions/new
Completed in 16ms (View: 4, DB: 0) | 200 OK [http://localhost/admin/user_session/new]


Processing LandingController#index (for 127.0.0.1 at 2009-04-15 16:23:49) [GET]
  Parameters: {"action"=>"index", "controller"=>"landing"}
Rendering landing/index
Completed in 4ms (View: 3, DB: 0) | 200 OK [http://localhost/]


Processing Admin::UserSessionsController#new (for 127.0.0.1 at 2009-04-15 16:23:51) [GET]
  Parameters: {"action"=>"new", "controller"=>"admin/user_sessions"}
Rendering admin/user_sessions/new
Completed in 13ms (View: 1, DB: 0) | 200 OK [http://localhost/admin/user_session/new]


Processing UsersController#new (for 127.0.0.1 at 2009-04-15 16:23:53) [GET]
  Parameters: {"action"=>"new", "controller"=>"users"}

ActionView::MissingTemplate (Missing template users/new.erb in view path app/views):
  

Rendering rescues/layout (internal_server_error)


Processing UsersController#new (for 127.0.0.1 at 2009-04-15 16:24:31) [GET]
  Parameters: {"action"=>"new", "controller"=>"users"}
Rendering users/new

ActionView::TemplateError (undefined local variable or method `c' for #<ActionView::Base:0x252c658>) on line #2 of app/views/users/new.html.erb:
1: <% form_for @user, :url => users_path do |u| %>
2:   <%= c.error_messages %>
3:   <p>
4:     <%= c.label :login %>
5:     <%= c.text_field :login %>

    app/views/users/new.html.erb:2
    app/views/users/new.html.erb:1

Rendered rescues/_trace (101.2ms)
Rendered rescues/_request_and_response (0.3ms)
Rendering rescues/layout (internal_server_error)


Processing UsersController#new (for 127.0.0.1 at 2009-04-15 16:24:55) [GET]
  Parameters: {"action"=>"new", "controller"=>"users"}
Rendering users/new
Completed in 17ms (View: 6, DB: 0) | 200 OK [http://localhost/users/new]


Processing UsersController#new (for 127.0.0.1 at 2009-04-15 16:25:16) [GET]
  Parameters: {"action"=>"new", "controller"=>"users"}
Rendering users/new
Completed in 19ms (View: 7, DB: 0) | 200 OK [http://localhost/users/new]


Processing UsersController#create (for 127.0.0.1 at 2009-04-15 16:25:23) [POST]
  Parameters: {"commit"=>"Sign up", "action"=>"create", "authenticity_token"=>"/Ny60Hxp+ZkegvhRLCcDxPufHs0naR0Fyb7Sd2Y99LQ=", "controller"=>"users", "user"=>{"password_confirmation"=>"[FILTERED]", "password"=>"[FILTERED]", "login"=>"mholub"}}
  [4;35;1mUser Exists (0.3ms)[0m   [0mSELECT "users".id FROM "users" WHERE ("users"."login" = 'mholub') LIMIT 1[0m
  [4;36;1mUser Exists (0.1ms)[0m   [0;1mSELECT "users".id FROM "users" WHERE ("users"."persistence_token" = 'f17d77a75b3bb33b92f22dda9c2b71d56d1c55d47682a057684192af5a34955d9aa376a9960dc6c34a89415269a8485389788758ee63974a70a13a259cbdd9b2') LIMIT 1[0m
Rendering users/new
Completed in 68ms (View: 3, DB: 0) | 200 OK [http://localhost/users]


Processing UsersController#create (for 127.0.0.1 at 2009-04-15 16:25:31) [POST]
  Parameters: {"commit"=>"Sign up", "action"=>"create", "authenticity_token"=>"/Ny60Hxp+ZkegvhRLCcDxPufHs0naR0Fyb7Sd2Y99LQ=", "controller"=>"users", "user"=>{"password_confirmation"=>"[FILTERED]", "password"=>"[FILTERED]", "login"=>"holmic"}}
  [4;35;1mUser Exists (0.2ms)[0m   [0mSELECT "users".id FROM "users" WHERE ("users"."login" = 'holmic') LIMIT 1[0m
  [4;36;1mUser Exists (0.1ms)[0m   [0;1mSELECT "users".id FROM "users" WHERE ("users"."persistence_token" = '0756d535888ed9f1db16a08c0ce3c81e6723a016c8d1e0c61f77213752efb065cdd61297488151800a4a6440678fe66b2b7f5720afc808c7c29a3b7b12a19869') LIMIT 1[0m
Rendering users/new
Completed in 84ms (View: 2, DB: 0) | 200 OK [http://localhost/users]


Processing UsersController#create (for 127.0.0.1 at 2009-04-15 16:25:49) [POST]
  Parameters: {"commit"=>"Sign up", "action"=>"create", "authenticity_token"=>"/Ny60Hxp+ZkegvhRLCcDxPufHs0naR0Fyb7Sd2Y99LQ=", "controller"=>"users", "user"=>{"password_confirmation"=>"[FILTERED]", "password"=>"[FILTERED]", "login"=>"holmic"}}
  [4;35;1mUser Exists (0.2ms)[0m   [0mSELECT "users".id FROM "users" WHERE ("users"."login" = 'holmic') LIMIT 1[0m
  [4;36;1mUser Exists (0.1ms)[0m   [0;1mSELECT "users".id FROM "users" WHERE ("users"."persistence_token" = '98f43288c84d6f825a5d31693e0b055a1867a817f4fb8179c0f7c08080cea91560125f41b038c406794ab1c49d0e0086f5568b645e046f8ddaf770d042cc7a62') LIMIT 1[0m
Rendering users/new
Completed in 30ms (View: 8, DB: 0) | 200 OK [http://localhost/users]


Processing UsersController#create (for 127.0.0.1 at 2009-04-15 16:26:05) [POST]
  Parameters: {"commit"=>"Sign up", "action"=>"create", "authenticity_token"=>"/Ny60Hxp+ZkegvhRLCcDxPufHs0naR0Fyb7Sd2Y99LQ=", "controller"=>"users", "user"=>{"password_confirmation"=>"[FILTERED]", "password"=>"[FILTERED]", "login"=>"holmic", "email"=>"mholub@railsware.com"}}
  [4;35;1mUser Exists (0.1ms)[0m   [0mSELECT "users".id FROM "users" WHERE ("users"."email" = 'mholub@railsware.com') LIMIT 1[0m
  [4;36;1mUser Exists (0.1ms)[0m   [0;1mSELECT "users".id FROM "users" WHERE ("users"."login" = 'holmic') LIMIT 1[0m
  [4;35;1mUser Exists (0.1ms)[0m   [0mSELECT "users".id FROM "users" WHERE ("users"."persistence_token" = '1299ef0c19d0faf70bb3f61ef79bdd5cbd4bda66520b92531bf443f857f95cf42fdd3cfc95e8507ba7fe2da5448366d9bac0d1fa674daf0f77cb4090c910e2af') LIMIT 1[0m
  [4;36;1mUser Create (22.5ms)[0m   [0;1mINSERT INTO "users" ("created_at", "crypted_password", "updated_at", "password_salt", "persistence_token", "login", "email") VALUES('2009-04-15 13:26:05', 'b39d70986df8f234187d289b09869b1dc1eab6fb58922f37662c892d6a726d749397c6c8dd7bafa404e90b5a301f4ecd172776c7078adf43401671112ac6f087', '2009-04-15 13:26:05', '0VBMUwIlY0a10_erFAZ5', '1299ef0c19d0faf70bb3f61ef79bdd5cbd4bda66520b92531bf443f857f95cf42fdd3cfc95e8507ba7fe2da5448366d9bac0d1fa674daf0f77cb4090c910e2af', 'holmic', 'mholub@railsware.com')[0m
Redirected to http://localhost:3001/account
Completed in 97ms (DB: 23) | 302 Found [http://localhost/users]


Processing UsersController#show (for 127.0.0.1 at 2009-04-15 16:26:05) [GET]
  Parameters: {"action"=>"show", "controller"=>"users"}
  [4;35;1mUser Load (0.3ms)[0m   [0mSELECT * FROM "users" WHERE ("users"."persistence_token" = '1299ef0c19d0faf70bb3f61ef79bdd5cbd4bda66520b92531bf443f857f95cf42fdd3cfc95e8507ba7fe2da5448366d9bac0d1fa674daf0f77cb4090c910e2af') LIMIT 1[0m

ActionView::MissingTemplate (Missing template users/show.erb in view path app/views):
  

Rendering rescues/layout (internal_server_error)


Processing UsersController#show (for 127.0.0.1 at 2009-04-15 16:26:37) [GET]
  Parameters: {"action"=>"show", "controller"=>"users"}
  [4;36;1mUser Load (0.3ms)[0m   [0;1mSELECT * FROM "users" WHERE ("users"."persistence_token" = '1299ef0c19d0faf70bb3f61ef79bdd5cbd4bda66520b92531bf443f857f95cf42fdd3cfc95e8507ba7fe2da5448366d9bac0d1fa674daf0f77cb4090c910e2af') LIMIT 1[0m

ActionView::MissingTemplate (Missing template users/show.erb in view path app/views):
  

Rendering rescues/layout (internal_server_error)


Processing LandingController#index (for 127.0.0.1 at 2009-04-15 16:26:42) [GET]
  Parameters: {"action"=>"index", "controller"=>"landing"}
Rendering landing/index
Completed in 2ms (View: 1, DB: 0) | 200 OK [http://localhost/]


Processing UserSessionsController#new (for 127.0.0.1 at 2009-04-15 16:26:44) [GET]
  Parameters: {"action"=>"new", "controller"=>"user_sessions"}

ArgumentError (A copy of ApplicationController has been removed from the module tree but is still active!):
  app/controllers/application_controller.rb:20:in `current_user_session'
  app/controllers/application_controller.rb:25:in `current_user'
  app/controllers/application_controller.rb:38:in `require_no_user'

Rendered rescues/_trace (94.9ms)
Rendered rescues/_request_and_response (0.2ms)
Rendering rescues/layout (internal_server_error)


Processing LandingController#index (for 127.0.0.1 at 2009-04-15 16:27:03) [GET]
  Parameters: {"action"=>"index", "controller"=>"landing"}
Rendering landing/index
Completed in 6ms (View: 5, DB: 0) | 200 OK [http://localhost/]


Processing UserSessionsController#new (for 127.0.0.1 at 2009-04-15 16:27:06) [GET]
  Parameters: {"action"=>"new", "controller"=>"user_sessions"}
  [4;36;1mUser Load (0.3ms)[0m   [0;1mSELECT * FROM "users" WHERE ("users"."persistence_token" = '1299ef0c19d0faf70bb3f61ef79bdd5cbd4bda66520b92531bf443f857f95cf42fdd3cfc95e8507ba7fe2da5448366d9bac0d1fa674daf0f77cb4090c910e2af') LIMIT 1[0m
Redirected to http://localhost:3001/account
Filter chain halted as [:require_no_user] rendered_or_redirected.
Completed in 16ms (DB: 0) | 302 Found [http://localhost/user_session/new]


Processing UsersController#show (for 127.0.0.1 at 2009-04-15 16:27:06) [GET]
  Parameters: {"action"=>"show", "controller"=>"users"}
  [4;35;1mUser Load (0.3ms)[0m   [0mSELECT * FROM "users" WHERE ("users"."persistence_token" = '1299ef0c19d0faf70bb3f61ef79bdd5cbd4bda66520b92531bf443f857f95cf42fdd3cfc95e8507ba7fe2da5448366d9bac0d1fa674daf0f77cb4090c910e2af') LIMIT 1[0m

ActionView::MissingTemplate (Missing template users/show.erb in view path app/views):
  

Rendering rescues/layout (internal_server_error)


Processing LandingController#index (for 127.0.0.1 at 2009-04-15 16:28:06) [GET]
  Parameters: {"action"=>"index", "controller"=>"landing"}
Rendering landing/index
  [4;36;1mUser Load (0.3ms)[0m   [0;1mSELECT * FROM "users" WHERE ("users"."persistence_token" = '1299ef0c19d0faf70bb3f61ef79bdd5cbd4bda66520b92531bf443f857f95cf42fdd3cfc95e8507ba7fe2da5448366d9bac0d1fa674daf0f77cb4090c910e2af') LIMIT 1[0m
Completed in 18ms (View: 16, DB: 0) | 200 OK [http://localhost/]


Processing LandingController#index (for 127.0.0.1 at 2009-04-15 16:28:36) [GET]
  Parameters: {"action"=>"index", "controller"=>"landing"}
Rendering landing/index
  [4;35;1mUser Load (0.3ms)[0m   [0mSELECT * FROM "users" WHERE ("users"."persistence_token" = '1299ef0c19d0faf70bb3f61ef79bdd5cbd4bda66520b92531bf443f857f95cf42fdd3cfc95e8507ba7fe2da5448366d9bac0d1fa674daf0f77cb4090c910e2af') LIMIT 1[0m

ActionView::TemplateError (undefined local variable or method `destroy_user_session_path' for #<ActionView::Base:0x259b6d4>) on line #9 of app/views/landing/index.html.erb:
6: <%= link_to 'admin login', new_admin_user_session_path %>
7: <% else %>
8:   Your login is: <%= current_user.login %><br />
9:   <%= link_to 'logout', destroy_user_session_path %>
10: <% end %>

    app/views/landing/index.html.erb:9

Rendered rescues/_trace (96.9ms)
Rendered rescues/_request_and_response (1.2ms)
Rendering rescues/layout (internal_server_error)


Processing LandingController#index (for 127.0.0.1 at 2009-04-15 16:29:09) [GET]
  Parameters: {"action"=>"index", "controller"=>"landing"}
Rendering landing/index
  [4;36;1mUser Load (0.3ms)[0m   [0;1mSELECT * FROM "users" WHERE ("users"."persistence_token" = '1299ef0c19d0faf70bb3f61ef79bdd5cbd4bda66520b92531bf443f857f95cf42fdd3cfc95e8507ba7fe2da5448366d9bac0d1fa674daf0f77cb4090c910e2af') LIMIT 1[0m
Completed in 21ms (View: 20, DB: 0) | 200 OK [http://localhost/]


Processing UserSessionsController#destroy (for 127.0.0.1 at 2009-04-15 16:29:11) [DELETE]
  Parameters: {"action"=>"destroy", "_method"=>"delete", "authenticity_token"=>"/Ny60Hxp+ZkegvhRLCcDxPufHs0naR0Fyb7Sd2Y99LQ=", "controller"=>"user_sessions"}
  [4;35;1mUser Load (0.3ms)[0m   [0mSELECT * FROM "users" WHERE ("users"."persistence_token" = '1299ef0c19d0faf70bb3f61ef79bdd5cbd4bda66520b92531bf443f857f95cf42fdd3cfc95e8507ba7fe2da5448366d9bac0d1fa674daf0f77cb4090c910e2af') LIMIT 1[0m

NameError (undefined local variable or method `signin_url' for #<UserSessionsController:0x260690c>):
  app/controllers/user_sessions_controller.rb:22:in `destroy'

Rendered rescues/_trace (35.9ms)
Rendered rescues/_request_and_response (0.3ms)
Rendering rescues/layout (internal_server_error)


Processing UserSessionsController#destroy (for 127.0.0.1 at 2009-04-15 16:29:48) [DELETE]
  Parameters: {"action"=>"destroy", "_method"=>"delete", "authenticity_token"=>"/Ny60Hxp+ZkegvhRLCcDxPufHs0naR0Fyb7Sd2Y99LQ=", "controller"=>"user_sessions"}
Redirected to http://localhost:3001/user_session/new
Filter chain halted as [:require_user] rendered_or_redirected.
Completed in 11ms (DB: 0) | 302 Found [http://localhost/user_session]


Processing UserSessionsController#new (for 127.0.0.1 at 2009-04-15 16:29:48) [GET]
  Parameters: {"action"=>"new", "controller"=>"user_sessions"}
Rendering user_sessions/new
Completed in 15ms (View: 4, DB: 0) | 200 OK [http://localhost/user_session/new]


Processing LandingController#index (for 127.0.0.1 at 2009-04-15 16:29:53) [GET]
  Parameters: {"action"=>"index", "controller"=>"landing"}
Rendering landing/index
Completed in 15ms (View: 13, DB: 0) | 200 OK [http://localhost/]


Processing UserSessionsController#new (for 127.0.0.1 at 2009-04-15 16:29:57) [GET]
  Parameters: {"action"=>"new", "controller"=>"user_sessions"}
Rendering user_sessions/new
Completed in 12ms (View: 1, DB: 0) | 200 OK [http://localhost/user_session/new]


Processing UserSessionsController#create (for 127.0.0.1 at 2009-04-15 16:30:01) [POST]
  Parameters: {"commit"=>"Log in", "user_session"=>{"password"=>"[FILTERED]", "login"=>"admin"}, "action"=>"create", "authenticity_token"=>"/Ny60Hxp+ZkegvhRLCcDxPufHs0naR0Fyb7Sd2Y99LQ=", "controller"=>"user_sessions"}
  [4;36;1mUser Load (0.3ms)[0m   [0;1mSELECT * FROM "users" WHERE ("users"."login" = 'admin') LIMIT 1[0m
Rendering user_sessions/new
Completed in 18ms (View: 2, DB: 0) | 200 OK [http://localhost/user_session]


Processing UserSessionsController#create (for 127.0.0.1 at 2009-04-15 16:30:07) [POST]
  Parameters: {"commit"=>"Log in", "user_session"=>{"password"=>"[FILTERED]", "login"=>"holmic"}, "action"=>"create", "authenticity_token"=>"/Ny60Hxp+ZkegvhRLCcDxPufHs0naR0Fyb7Sd2Y99LQ=", "controller"=>"user_sessions"}
  [4;35;1mUser Load (0.3ms)[0m   [0mSELECT * FROM "users" WHERE ("users"."login" = 'holmic') LIMIT 1[0m
Redirected to http://localhost:3001/
Completed in 20ms (DB: 0) | 302 Found [http://localhost/user_session]


Processing LandingController#index (for 127.0.0.1 at 2009-04-15 16:30:07) [GET]
  Parameters: {"action"=>"index", "controller"=>"landing"}
Rendering landing/index
  [4;36;1mUser Load (0.4ms)[0m   [0;1mSELECT * FROM "users" WHERE ("users"."persistence_token" = '1299ef0c19d0faf70bb3f61ef79bdd5cbd4bda66520b92531bf443f857f95cf42fdd3cfc95e8507ba7fe2da5448366d9bac0d1fa674daf0f77cb4090c910e2af') LIMIT 1[0m
Completed in 80ms (View: 78, DB: 0) | 200 OK [http://localhost/]
  [4;36;1mSQL (0.8ms)[0m   [0;1m SELECT name
 FROM sqlite_master
 WHERE type = 'table' AND NOT name = 'sqlite_sequence'
[0m
  [4;35;1mSQL (0.2ms)[0m   [0mSELECT version FROM schema_migrations[0m
Migrating to CreateUsers (20090326150951)
Migrating to CreateRoles (20090402013629)
Migrating to AddDefaultAdmin (20090415133205)
  [4;36;1mSQL (0.1ms)[0m   [0;1mselect sqlite_version(*)[0m
  [4;35;1mUser Exists (0.2ms)[0m   [0mSELECT "users".id FROM "users" WHERE ("users"."email" = 'admin@railsware.com') LIMIT 1[0m
  [4;36;1mUser Exists (0.1ms)[0m   [0;1mSELECT "users".id FROM "users" WHERE ("users"."login" = 'admin') LIMIT 1[0m
  [4;35;1mUser Exists (0.1ms)[0m   [0mSELECT "users".id FROM "users" WHERE ("users"."persistence_token" = 'ad010df660ba04fefc3c4f1d5d933721f75e5390ba39fb521c947cfaa2addcecce028d44b095d30ab3cb2e9b532f9f1d04a7e1aacf196b996b2aabd2f10982c3') LIMIT 1[0m
  [4;36;1mUser Create (0.5ms)[0m   [0;1mINSERT INTO "users" ("created_at", "crypted_password", "updated_at", "password_salt", "persistence_token", "login", "email") VALUES('2009-04-15 13:33:38', '2be8c29668d1037b89c224df2194d4688462d0e3b6ab99a4573c8a873afcd335bbb801a2da79489691e646f3e495c134ac2feb806e7e45a43336b279b1c81ee8', '2009-04-15 13:33:38', 'AyLEya7gZGNZceVR5wXW', 'ad010df660ba04fefc3c4f1d5d933721f75e5390ba39fb521c947cfaa2addcecce028d44b095d30ab3cb2e9b532f9f1d04a7e1aacf196b996b2aabd2f10982c3', 'admin', 'admin@railsware.com')[0m
  [4;35;1mRole Load (0.2ms)[0m   [0mSELECT * FROM "roles" WHERE (name = 'admin' and authorizable_type IS NULL and authorizable_id IS NULL) LIMIT 1[0m
  [4;36;1mRole Exists (0.1ms)[0m   [0;1mSELECT "roles".id FROM "roles" INNER JOIN "roles_users" ON "roles".id = "roles_users".role_id WHERE ("roles"."id" = 1) AND ("roles_users".user_id = 3 ) LIMIT 1[0m
  [4;35;1mSQL (0.1ms)[0m   [0mINSERT INTO "roles_users" ("created_at", "updated_at", "role_id", "user_id") VALUES ('2009-04-02 01:56:07', '2009-04-02 01:56:07', 1, 3)[0m
  [4;36;1mUser Update (0.1ms)[0m   [0;1mUPDATE "users" SET "persistence_token" = 'ad010df660ba04fefc3c4f1d5d933721f75e5390ba39fb521c947cfaa2addcecce028d44b095d30ab3cb2e9b532f9f1d04a7e1aacf196b996b2aabd2f10982c3', "updated_at" = '2009-04-15 13:33:38', "created_at" = '2009-04-15 13:33:38', "email" = 'admin@railsware.com', "login" = 'admin', "password_salt" = 'AyLEya7gZGNZceVR5wXW', "crypted_password" = '2be8c29668d1037b89c224df2194d4688462d0e3b6ab99a4573c8a873afcd335bbb801a2da79489691e646f3e495c134ac2feb806e7e45a43336b279b1c81ee8' WHERE "id" = 3[0m
  [4;35;1mSQL (0.2ms)[0m   [0mINSERT INTO schema_migrations (version) VALUES ('20090415133205')[0m
  [4;36;1mSQL (0.3ms)[0m   [0;1m SELECT name
 FROM sqlite_master
 WHERE type = 'table' AND NOT name = 'sqlite_sequence'
[0m
  [4;35;1mSQL (0.2ms)[0m   [0mSELECT version FROM schema_migrations[0m
  [4;36;1mSQL (0.2ms)[0m   [0;1m SELECT name
 FROM sqlite_master
 WHERE type = 'table' AND NOT name = 'sqlite_sequence'
[0m
  [4;35;1mSQL (0.1ms)[0m   [0mPRAGMA index_list("roles")[0m
  [4;36;1mSQL (0.0ms)[0m   [0;1mPRAGMA index_list("roles_users")[0m
  [4;35;1mSQL (0.1ms)[0m   [0mPRAGMA index_list("users")[0m


Processing UserSessionsController#destroy (for 127.0.0.1 at 2009-04-15 16:33:52) [DELETE]
  Parameters: {"action"=>"destroy", "_method"=>"delete", "authenticity_token"=>"/Ny60Hxp+ZkegvhRLCcDxPufHs0naR0Fyb7Sd2Y99LQ=", "controller"=>"user_sessions"}
  [4;36;1mUser Load (0.4ms)[0m   [0;1mSELECT * FROM "users" WHERE ("users"."persistence_token" = '1299ef0c19d0faf70bb3f61ef79bdd5cbd4bda66520b92531bf443f857f95cf42fdd3cfc95e8507ba7fe2da5448366d9bac0d1fa674daf0f77cb4090c910e2af') LIMIT 1[0m
Redirected to http://localhost:3001/user_session
Completed in 18ms (DB: 0) | 302 Found [http://localhost/user_session]


Processing UserSessionsController#show (for 127.0.0.1 at 2009-04-15 16:33:52) [GET]
  Parameters: {"action"=>"show", "controller"=>"user_sessions"}

ActionController::UnknownAction (No action responded to show. Actions: create, destroy, and new):
  

Rendering rescues/layout (not_found)


Processing LandingController#index (for 127.0.0.1 at 2009-04-15 16:34:09) [GET]
  Parameters: {"action"=>"index", "controller"=>"landing"}
Rendering landing/index
Completed in 15ms (View: 13, DB: 0) | 200 OK [http://localhost/]


Processing Admin::UserSessionsController#new (for 127.0.0.1 at 2009-04-15 16:34:29) [GET]
  Parameters: {"action"=>"new", "controller"=>"admin/user_sessions"}
Rendering admin/user_sessions/new
Completed in 16ms (View: 4, DB: 0) | 200 OK [http://localhost/admin/user_session/new]


Processing Admin::UserSessionsController#create (for 127.0.0.1 at 2009-04-15 16:34:42) [POST]
  Parameters: {"commit"=>"Log in", "user_session"=>{"password"=>"[FILTERED]", "login"=>"admin"}, "action"=>"create", "authenticity_token"=>"/Ny60Hxp+ZkegvhRLCcDxPufHs0naR0Fyb7Sd2Y99LQ=", "controller"=>"admin/user_sessions"}
  [4;35;1mUser Load (0.3ms)[0m   [0mSELECT * FROM "users" WHERE ("users"."email" IS NULL) LIMIT 1[0m
Rendering admin/user_sessions/new
Completed in 25ms (View: 2, DB: 0) | 200 OK [http://localhost/admin/user_session]
  [4;36;1mUser Load (0.3ms)[0m   [0;1mSELECT * FROM "users" ORDER BY users.id DESC LIMIT 1[0m
  [4;35;1mUser Load (0.4ms)[0m   [0mSELECT * FROM "users" ORDER BY users.id DESC LIMIT 1[0m
  [4;36;1mRole Load (0.3ms)[0m   [0;1mSELECT * FROM "roles" INNER JOIN "roles_users" ON "roles".id = "roles_users".role_id WHERE ("roles_users".user_id = 3 ) [0m


Processing Admin::UserSessionsController#create (for 127.0.0.1 at 2009-04-15 16:36:08) [POST]
  Parameters: {"commit"=>"Log in", "user_session"=>{"password"=>"[FILTERED]", "login"=>"admin"}, "action"=>"create", "authenticity_token"=>"/Ny60Hxp+ZkegvhRLCcDxPufHs0naR0Fyb7Sd2Y99LQ=", "controller"=>"admin/user_sessions"}
  [4;36;1mUser Load (0.2ms)[0m   [0;1mSELECT * FROM "users" WHERE ("users"."email" IS NULL) LIMIT 1[0m
Rendering admin/user_sessions/new
Completed in 19ms (View: 2, DB: 0) | 200 OK [http://localhost/admin/user_session]


Processing Admin::UserSessionsController#create (for 127.0.0.1 at 2009-04-15 16:36:32) [POST]
  Parameters: {"commit"=>"Log in", "user_session"=>{"password"=>"[FILTERED]", "login"=>"admin"}, "action"=>"create", "authenticity_token"=>"/Ny60Hxp+ZkegvhRLCcDxPufHs0naR0Fyb7Sd2Y99LQ=", "controller"=>"admin/user_sessions"}
  [4;35;1mUser Load (0.4ms)[0m   [0mSELECT * FROM "users" WHERE ("users"."login" = 'admin') LIMIT 1[0m
  [4;36;1mRole Load (0.4ms)[0m   [0;1mSELECT "roles".* FROM "roles" INNER JOIN "roles_users" ON "roles".id = "roles_users".role_id WHERE ("roles"."name" = 'admin') AND ("roles_users".user_id = 3 ) LIMIT 1[0m
  [4;35;1mCACHE (0.0ms)[0m   [0mSELECT * FROM "users" WHERE ("users"."login" = 'admin') LIMIT 1[0m
Rendering admin/user_sessions/new
Completed in 88ms (View: 2, DB: 1) | 200 OK [http://localhost/admin/user_session]


Processing Admin::UserSessionsController#create (for 127.0.0.1 at 2009-04-15 16:36:36) [POST]
  Parameters: {"commit"=>"Log in", "user_session"=>{"password"=>"[FILTERED]", "login"=>"admin"}, "action"=>"create", "authenticity_token"=>"/Ny60Hxp+ZkegvhRLCcDxPufHs0naR0Fyb7Sd2Y99LQ=", "controller"=>"admin/user_sessions"}
  [4;36;1mUser Load (0.3ms)[0m   [0;1mSELECT * FROM "users" WHERE ("users"."login" = 'admin') LIMIT 1[0m
  [4;35;1mRole Load (0.3ms)[0m   [0mSELECT "roles".* FROM "roles" INNER JOIN "roles_users" ON "roles".id = "roles_users".role_id WHERE ("roles"."name" = 'admin') AND ("roles_users".user_id = 3 ) LIMIT 1[0m
  [4;36;1mCACHE (0.0ms)[0m   [0;1mSELECT * FROM "users" WHERE ("users"."login" = 'admin') LIMIT 1[0m
Redirected to http://localhost:3001/admin/users
Completed in 20ms (DB: 1) | 302 Found [http://localhost/admin/user_session]


Processing Admin::UsersController#index (for 127.0.0.1 at 2009-04-15 16:36:36) [GET]
  Parameters: {"action"=>"index", "controller"=>"admin/users"}
  [4;35;1mUser Load (0.4ms)[0m   [0mSELECT * FROM "users" WHERE ("users"."persistence_token" = 'ad010df660ba04fefc3c4f1d5d933721f75e5390ba39fb521c947cfaa2addcecce028d44b095d30ab3cb2e9b532f9f1d04a7e1aacf196b996b2aabd2f10982c3') LIMIT 1[0m
  [4;36;1mRole Load (0.3ms)[0m   [0;1mSELECT "roles".* FROM "roles" INNER JOIN "roles_users" ON "roles".id = "roles_users".role_id WHERE ("roles"."name" = 'admin') AND ("roles_users".user_id = 3 ) LIMIT 1[0m
  [4;35;1mUser Load (0.3ms)[0m   [0mSELECT * FROM "users" [0m
Rendering admin/users/index
Completed in 29ms (View: 3, DB: 1) | 200 OK [http://localhost/admin/users]


Processing Admin::UsersController#index (for 127.0.0.1 at 2009-04-15 16:37:06) [GET]
  Parameters: {"action"=>"index", "controller"=>"admin/users"}
  [4;36;1mUser Load (0.3ms)[0m   [0;1mSELECT * FROM "users" WHERE ("users"."persistence_token" = 'ad010df660ba04fefc3c4f1d5d933721f75e5390ba39fb521c947cfaa2addcecce028d44b095d30ab3cb2e9b532f9f1d04a7e1aacf196b996b2aabd2f10982c3') LIMIT 1[0m
  [4;35;1mRole Load (0.2ms)[0m   [0mSELECT "roles".* FROM "roles" INNER JOIN "roles_users" ON "roles".id = "roles_users".role_id WHERE ("roles"."name" = 'admin') AND ("roles_users".user_id = 3 ) LIMIT 1[0m
  [4;36;1mUser Load (0.4ms)[0m   [0;1mSELECT * FROM "users" [0m
Rendering admin/users/index
Completed in 23ms (View: 3, DB: 1) | 200 OK [http://localhost/admin/users]


Processing Admin::UserSessionsController#show (for 127.0.0.1 at 2009-04-15 16:37:08) [GET]
  Parameters: {"action"=>"show", "controller"=>"admin/user_sessions"}

ActionController::UnknownAction (No action responded to show. Actions: create and new):
  

Rendering rescues/layout (not_found)


Processing Admin::UserSessionsController#show (for 127.0.0.1 at 2009-04-15 16:37:27) [GET]
  Parameters: {"action"=>"show", "controller"=>"admin/user_sessions"}

ActionController::UnknownAction (No action responded to show. Actions: create and new):
  

Rendering rescues/layout (not_found)


Processing LandingController#index (for 127.0.0.1 at 2009-04-15 16:37:30) [GET]
  Parameters: {"action"=>"index", "controller"=>"landing"}
Rendering landing/index
  [4;35;1mUser Load (0.3ms)[0m   [0mSELECT * FROM "users" WHERE ("users"."persistence_token" = 'ad010df660ba04fefc3c4f1d5d933721f75e5390ba39fb521c947cfaa2addcecce028d44b095d30ab3cb2e9b532f9f1d04a7e1aacf196b996b2aabd2f10982c3') LIMIT 1[0m
Completed in 74ms (View: 72, DB: 0) | 200 OK [http://localhost/]


Processing LandingController#index (for 127.0.0.1 at 2009-04-15 16:37:46) [GET]
  Parameters: {"action"=>"index", "controller"=>"landing"}
Rendering landing/index
  [4;36;1mUser Load (0.3ms)[0m   [0;1mSELECT * FROM "users" WHERE ("users"."persistence_token" = 'ad010df660ba04fefc3c4f1d5d933721f75e5390ba39fb521c947cfaa2addcecce028d44b095d30ab3cb2e9b532f9f1d04a7e1aacf196b996b2aabd2f10982c3') LIMIT 1[0m
Completed in 18ms (View: 16, DB: 0) | 200 OK [http://localhost/]
